running egg_info
creating build/perception_pkg/perception_pkg.egg-info
writing build/perception_pkg/perception_pkg.egg-info/PKG-INFO
writing dependency_links to build/perception_pkg/perception_pkg.egg-info/dependency_links.txt
writing entry points to build/perception_pkg/perception_pkg.egg-info/entry_points.txt
writing requirements to build/perception_pkg/perception_pkg.egg-info/requires.txt
writing top-level names to build/perception_pkg/perception_pkg.egg-info/top_level.txt
writing manifest file 'build/perception_pkg/perception_pkg.egg-info/SOURCES.txt'
reading manifest file 'build/perception_pkg/perception_pkg.egg-info/SOURCES.txt'
writing manifest file 'build/perception_pkg/perception_pkg.egg-info/SOURCES.txt'
running build
running build_py
creating /home/kasak/summer_pcp_ws/src/perception_pkg/build/perception_pkg/build
creating /home/kasak/summer_pcp_ws/src/perception_pkg/build/perception_pkg/build/lib
creating /home/kasak/summer_pcp_ws/src/perception_pkg/build/perception_pkg/build/lib/perception_pkg
copying perception_pkg/cone_detector.py -> /home/kasak/summer_pcp_ws/src/perception_pkg/build/perception_pkg/build/lib/perception_pkg
copying perception_pkg/__init__.py -> /home/kasak/summer_pcp_ws/src/perception_pkg/build/perception_pkg/build/lib/perception_pkg
running install
running install_lib
creating /home/kasak/summer_pcp_ws/src/perception_pkg/install/perception_pkg/lib/python3.10/site-packages/perception_pkg
copying /home/kasak/summer_pcp_ws/src/perception_pkg/build/perception_pkg/build/lib/perception_pkg/cone_detector.py -> /home/kasak/summer_pcp_ws/src/perception_pkg/install/perception_pkg/lib/python3.10/site-packages/perception_pkg
copying /home/kasak/summer_pcp_ws/src/perception_pkg/build/perception_pkg/build/lib/perception_pkg/__init__.py -> /home/kasak/summer_pcp_ws/src/perception_pkg/install/perception_pkg/lib/python3.10/site-packages/perception_pkg
byte-compiling /home/kasak/summer_pcp_ws/src/perception_pkg/install/perception_pkg/lib/python3.10/site-packages/perception_pkg/cone_detector.py to cone_detector.cpython-310.pyc
byte-compiling /home/kasak/summer_pcp_ws/src/perception_pkg/install/perception_pkg/lib/python3.10/site-packages/perception_pkg/__init__.py to __init__.cpython-310.pyc
running install_data
creating /home/kasak/summer_pcp_ws/src/perception_pkg/install/perception_pkg/share/ament_index
creating /home/kasak/summer_pcp_ws/src/perception_pkg/install/perception_pkg/share/ament_index/resource_index
creating /home/kasak/summer_pcp_ws/src/perception_pkg/install/perception_pkg/share/ament_index/resource_index/packages
copying resource/perception_pkg -> /home/kasak/summer_pcp_ws/src/perception_pkg/install/perception_pkg/share/ament_index/resource_index/packages
copying package.xml -> /home/kasak/summer_pcp_ws/src/perception_pkg/install/perception_pkg/share/perception_pkg
creating /home/kasak/summer_pcp_ws/src/perception_pkg/install/perception_pkg/share/perception_pkg/launch
copying launch/perception.launch.py -> /home/kasak/summer_pcp_ws/src/perception_pkg/install/perception_pkg/share/perception_pkg/launch
running install_egg_info
Copying build/perception_pkg/perception_pkg.egg-info to /home/kasak/summer_pcp_ws/src/perception_pkg/install/perception_pkg/lib/python3.10/site-packages/perception_pkg-0.0.0-py3.10.egg-info
running install_scripts
Installing cone_detector script to /home/kasak/summer_pcp_ws/src/perception_pkg/install/perception_pkg/lib/perception_pkg
writing list of installed files to '/home/kasak/summer_pcp_ws/src/perception_pkg/build/perception_pkg/install.log'
